<?xml version="1.0" encoding="UTF-8"?>
<!-- Generated by org.testng.reporters.JUnitReportReporter -->
<testsuite skipped="0" hostname="DESKTOP-4QT76F7" name="com.mystore.testcases.IndexPageTest" tests="2" failures="0" timestamp="2021-05-18T22:06:12 IST" time="37.516" errors="0">
  <testcase name="verifyLogo" time="19.489" classname="com.mystore.testcases.IndexPageTest"/>
  <testcase name="verifyTitle" time="18.027" classname="com.mystore.testcases.IndexPageTest"/>
</testsuite> <!-- com.mystore.testcases.IndexPageTest -->
