<?xml version="1.0" encoding="UTF-8"?>
<!-- Generated by org.testng.reporters.JUnitReportReporter -->
<testsuite skipped="0" hostname="DESKTOP-4QT76F7" name="com.mystore.testcases.EndToEndTest" tests="1" failures="0" timestamp="2021-05-18T22:06:12 IST" time="103.574" errors="0">
  <testcase name="endToEndTest" time="103.574" classname="com.mystore.testcases.EndToEndTest"/>
</testsuite> <!-- com.mystore.testcases.EndToEndTest -->
