<?xml version="1.0" encoding="UTF-8"?>
<!-- Generated by org.testng.reporters.JUnitReportReporter -->
<testsuite skipped="0" hostname="DESKTOP-4QT76F7" name="com.mystore.testcases.OrderPageTest" tests="1" failures="0" timestamp="2021-05-18T22:06:12 IST" time="67.068" errors="0">
  <testcase name="verifyTotalPrice" time="67.068" classname="com.mystore.testcases.OrderPageTest"/>
</testsuite> <!-- com.mystore.testcases.OrderPageTest -->
